2024-12-10 14:02:58,186 - INFO - DBF file opened successfully: PRUEBA.DBF
2024-12-10 14:02:58,479 - INFO - Search completed for codigo: 99999, result: {'status': 'Not found'}
2024-12-10 14:02:58,485 - ERROR - ERROR during update: 'Record 99999 is not in table PRUEBA.DBF.'
2024-12-10 14:45:57,861 - INFO - DBF file opened successfully: PRUEBA.DBF
2024-12-10 14:45:57,869 - INFO - Search completed for codigo: 123, result: {'codigo': '123', 'descripcion': 'Test Product', 'registro': 0, 'precio': 100.0}
2024-12-10 14:45:57,874 - INFO - Search completed for codigo: 999, result: {'status': 'Not found'}
2024-12-10 14:45:57,876 - ERROR - ERROR during update: Record not found
2024-12-10 14:45:57,880 - INFO - Updated record 1: NUMERO=123, DESCRI=Test Product, Precio Anterior=100.00, Precio Nuevo=200.00
2024-12-10 14:46:11,101 - INFO - DBF file opened successfully: PRUEBA.DBF
2024-12-10 14:46:11,109 - INFO - Search completed for codigo: 123, result: {'codigo': '123', 'descripcion': 'Test Product', 'registro': 0, 'precio': 100.0}
2024-12-10 14:46:11,114 - INFO - Search completed for codigo: 999, result: {'status': 'Not found'}
2024-12-10 14:46:11,115 - ERROR - ERROR during update: Record not found
2024-12-10 14:46:11,119 - INFO - Updated record 1: NUMERO=123, DESCRI=Test Product, Precio Anterior=100.00, Precio Nuevo=200.00
2024-12-10 14:46:24,371 - INFO - DBF file opened successfully: PRUEBA.DBF
2024-12-10 14:46:24,380 - INFO - Search completed for codigo: 123, result: {'codigo': '123', 'descripcion': 'Test Product', 'registro': 0, 'precio': 100.0}
2024-12-10 14:46:24,384 - INFO - Search completed for codigo: 999, result: {'status': 'Not found'}
2024-12-10 14:46:24,386 - ERROR - ERROR during update: Record not found
2024-12-10 14:46:24,389 - INFO - Updated record 1: NUMERO=123, DESCRI=Test Product, Precio Anterior=100.00, Precio Nuevo=200.00
2024-12-10 14:47:50,861 - INFO - DBF file opened successfully: PRUEBA.DBF
2024-12-10 14:47:50,868 - INFO - Search completed for codigo: 123, result: {'codigo': '123', 'descripcion': 'Test Product', 'registro': 0, 'precio': 100.0}
2024-12-10 14:47:50,873 - INFO - Search completed for codigo: 999, result: {'status': 'Not found'}
2024-12-10 14:47:50,875 - ERROR - ERROR during update: Record not found
2024-12-10 14:47:50,878 - INFO - Updated record 1: NUMERO=123, DESCRI=Test Product, Precio Anterior=100.00, Precio Nuevo=200.00
2024-12-10 14:49:42,906 - INFO - DBF file opened successfully: PRUEBA.DBF
2024-12-10 14:49:42,915 - INFO - Search completed for codigo: 123, result: {'codigo': '123', 'descripcion': 'Test Product', 'registro': 0, 'precio': 100.0}
2024-12-10 14:49:42,919 - INFO - Search completed for codigo: 999, result: {'status': 'Not found'}
2024-12-10 14:49:42,921 - ERROR - ERROR during update: Record not found
2024-12-10 14:49:42,924 - INFO - Updated record 1: NUMERO=123, DESCRI=Test Product, Precio Anterior=100.00, Precio Nuevo=200.00
2024-12-10 14:50:02,525 - INFO - DBF file opened successfully: PRUEBA.DBF
2024-12-10 14:50:02,534 - INFO - Search completed for codigo: 123, result: {'codigo': '123', 'descripcion': 'Test Product', 'registro': 0, 'precio': 100.0}
2024-12-10 14:50:02,538 - INFO - Search completed for codigo: 999, result: {'status': 'Not found'}
2024-12-10 14:50:02,540 - ERROR - ERROR during update: Record not found
2024-12-10 14:50:02,543 - INFO - Updated record 1: NUMERO=123, DESCRI=Test Product, Precio Anterior=100.00, Precio Nuevo=200.00
2024-12-10 14:51:26,910 - INFO - DBF file opened successfully: PRUEBA.DBF
2024-12-10 14:51:33,009 - INFO - DBF file opened successfully: PRUEBA.DBF
2024-12-10 14:51:33,017 - INFO - Search completed for codigo: 123, result: {'codigo': '123', 'descripcion': 'Test Product', 'registro': 0, 'precio': 100.0}
2024-12-10 14:51:33,021 - INFO - Search completed for codigo: 999, result: {'status': 'Not found'}
2024-12-10 14:51:33,023 - ERROR - ERROR during update: Record not found
2024-12-10 14:51:33,026 - INFO - Updated record 1: NUMERO=123, DESCRI=Test Product, Precio Anterior=100.00, Precio Nuevo=200.00
2024-12-10 14:53:22,228 - INFO - DBF file opened successfully: PRUEBA.DBF
2024-12-10 14:54:12,641 - INFO - DBF file opened successfully: PRUEBA.DBF
2024-12-10 14:54:31,517 - INFO - DBF file opened successfully: PRUEBA.DBF
2024-12-10 14:55:28,397 - INFO - DBF file opened successfully: PRUEBA.DBF
2024-12-10 14:55:28,404 - INFO - Search completed for codigo: 123, result: {'codigo': '123', 'descripcion': 'Test Product', 'registro': 0, 'precio': 100.0}
2024-12-10 14:58:03,893 - INFO - DBF file opened successfully: PRUEBA.DBF
2024-12-10 14:58:03,900 - INFO - Search completed for codigo: 123, result: {'codigo': '123', 'descripcion': 'Test Product', 'registro': 0, 'precio': 100.0}
2024-12-10 14:58:27,191 - INFO - DBF file opened successfully: PRUEBA.DBF
2024-12-10 14:58:27,198 - INFO - Search completed for codigo: 123, result: {'codigo': '123', 'descripcion': 'Test Product', 'registro': 0, 'precio': 100.0}
2024-12-10 14:59:01,594 - INFO - DBF file opened successfully: PRUEBA.DBF
2024-12-10 14:59:01,601 - INFO - Search completed for codigo: 123, result: {'codigo': '123', 'descripcion': 'Test Product', 'registro': 0, 'precio': 100.0}
2024-12-10 14:59:01,606 - INFO - Search completed for codigo: 999, result: {'status': 'Not found'}
2024-12-10 15:04:38,897 - INFO - DBF file opened successfully: PRUEBA.DBF
2024-12-10 15:04:38,903 - INFO - Search completed for codigo: 123, result: {'codigo': '123', 'descripcion': 'Test Product', 'registro': 0, 'precio': 100.0}
2024-12-10 15:04:38,906 - INFO - Search completed for codigo: 999, result: {'status': 'Not found'}
2024-12-10 15:06:19,941 - INFO - DBF file opened successfully: PRUEBA.DBF
2024-12-10 15:06:19,948 - INFO - Search completed for codigo: 123, result: {'codigo': '123', 'descripcion': 'Test Product', 'registro': 0, 'precio': 100.0}
2024-12-10 15:06:19,952 - INFO - Search completed for codigo: 999, result: {'status': 'Not found'}
2024-12-10 15:06:19,954 - INFO - Updated record 1: NUMERO=123, DESCRI=Test Product, Precio Anterior=100.00, Precio Nuevo=200.00
2024-12-10 15:06:40,193 - INFO - DBF file opened successfully: PRUEBA.DBF
2024-12-10 15:06:40,200 - INFO - Search completed for codigo: 123, result: {'codigo': '123', 'descripcion': 'Test Product', 'registro': 0, 'precio': 100.0}
2024-12-10 15:06:40,204 - INFO - Search completed for codigo: 999, result: {'status': 'Not found'}
2024-12-10 15:06:40,207 - INFO - Updated record 1: NUMERO=123, DESCRI=Test Product, Precio Anterior=100.00, Precio Nuevo=200.00
2024-12-10 15:07:21,635 - INFO - DBF file opened successfully: PRUEBA.DBF
2024-12-10 15:07:21,642 - INFO - Search completed for codigo: 123, result: {'codigo': '123', 'descripcion': 'Test Product', 'registro': 0, 'precio': 100.0}
2024-12-10 15:07:21,646 - INFO - Search completed for codigo: 999, result: {'status': 'Not found'}
2024-12-10 15:07:21,648 - ERROR - ERROR during update: Record not found
2024-12-10 15:07:21,650 - INFO - Updated record 1: NUMERO=123, DESCRI=Test Product, Precio Anterior=100.00, Precio Nuevo=200.00
2024-12-10 15:36:32,714 - INFO - DBF file opened successfully: PRUEBA.DBF
2024-12-10 15:36:32,898 - INFO - DBF file opened successfully: PRUEBA.DBF
2024-12-10 15:37:56,864 - INFO - DBF file opened successfully: PRUEBA.DBF
2024-12-10 15:37:57,023 - INFO - DBF file opened successfully: PRUEBA.DBF
2024-12-10 15:40:14,607 - INFO - DBF file opened successfully: PRUEBA.DBF
2024-12-10 15:40:14,775 - INFO - DBF file opened successfully: PRUEBA.DBF
2024-12-10 15:42:56,038 - INFO - DBF file opened successfully: PRUEBA.DBF
2024-12-10 15:42:56,194 - INFO - DBF file opened successfully: PRUEBA.DBF
2024-12-10 15:45:11,573 - INFO - DBF file opened successfully: PRUEBA.DBF
2024-12-10 15:45:26,180 - INFO - DBF file opened successfully: PRUEBA.DBF
2024-12-10 15:56:17,413 - INFO - DBF file opened successfully: PRUEBA.DBF
2024-12-10 15:56:34,315 - INFO - DBF file opened successfully: PRUEBA.DBF
2024-12-10 15:56:34,493 - INFO - DBF file opened successfully: PRUEBA.DBF
2024-12-10 16:01:57,077 - INFO - DBF file opened successfully: PRUEBA.DBF
2024-12-10 16:02:47,491 - INFO - DBF file opened successfully: PRUEBA.DBF
2024-12-10 16:03:14,158 - INFO - DBF file opened successfully: PRUEBA.DBF
2024-12-10 16:12:38,371 - INFO - DBF file opened successfully: PRUEBA.DBF
2024-12-10 16:13:03,486 - INFO - Search completed for codigo: 7790315000439, result: {'codigo': u'7790315000439', 'descripcion': u'A VILLAV.1.5L                           ', 'registro': 0, 'precio': 35.0}
2024-12-10 16:16:37,838 - INFO - DBF file opened successfully: PRUEBA.DBF
2024-12-10 16:16:37,846 - INFO - Search completed for codigo: 123, result: {'codigo': '123', 'descripcion': 'Test Product', 'registro': 0, 'precio': 100.0}
2024-12-10 16:16:37,851 - INFO - Search completed for codigo: 999, result: {'status': 'Not found'}
2024-12-10 16:16:37,853 - ERROR - ERROR during update: Record not found
2024-12-10 16:16:37,855 - INFO - Updated record 1: NUMERO=123, DESCRI=Test Product, Precio Anterior=100.00, Precio Nuevo=200.00
